2021-06-12 16:57:56:5756 [32minfo[39m: [32mVisit -> http://localhost:5000[39m
2021-06-12 16:58:03:583 [35mhttp[39m: [35mGET / 404 57 - - ms[39m
[35m[39m
2021-06-12 16:58:09:589 [32minfo[39m: [32mVisit -> http://localhost:5000[39m
2021-06-12 16:58:19:5819 [32minfo[39m: [32mðŸš€ Server Started on 5000[39m
2021-06-12 16:58:19:5819 [32minfo[39m: [32mVisit -> http://localhost:5000[39m
2021-06-12 16:58:37:5837 [32minfo[39m: [32mðŸš€ Server Started on 5000[39m
2021-06-12 16:58:37:5837 [32minfo[39m: [32mVisit -> http://localhost:5000[39m
2021-06-12 17:02:15:215 [32minfo[39m: [32mðŸš€ Server Started on 5000[39m
2021-06-12 17:02:15:215 [32minfo[39m: [32mVisit -> http://localhost:5000[39m
2021-06-12 17:03:01:31 [32minfo[39m: [32mðŸš€ Server Started on 5000[39m
2021-06-12 17:03:01:31 [32minfo[39m: [32mVisit -> http://localhost:5000[39m
2021-06-12 17:03:12:312 [32minfo[39m: [32mðŸš€ Server Started on 5000[39m
2021-06-12 17:03:12:312 [32minfo[39m: [32mVisit -> http://localhost:5000[39m
2021-06-12 17:03:15:315 [32minfo[39m: [32mðŸš€ Server Started on 5000[39m
2021-06-12 17:03:15:315 [32minfo[39m: [32mVisit -> http://localhost:5000[39m
2021-06-12 17:03:31:331 [32minfo[39m: [32mðŸš€ Server Started on 5000[39m
2021-06-12 17:03:31:331 [32minfo[39m: [32mVisit -> http://localhost:5000[39m
2021-06-12 17:03:42:342 [32minfo[39m: [32mðŸš€ Server Started on 5000[39m
2021-06-12 17:03:42:342 [32minfo[39m: [32mVisit -> http://localhost:5000[39m
2021-06-12 17:03:46:346 [32minfo[39m: [32mðŸš€ Server Started on 5000[39m
2021-06-12 17:03:46:346 [32minfo[39m: [32mVisit -> http://localhost:5000[39m
2021-06-12 17:09:57:957 [32minfo[39m: [32mðŸš€ Server Started on 5000[39m
2021-06-12 17:09:57:957 [32minfo[39m: [32mVisit -> http://localhost:5000[39m
2021-06-12 17:10:01:101 [32minfo[39m: [32mðŸš€ Server Started on 5000[39m
2021-06-12 17:10:01:101 [32minfo[39m: [32mVisit -> http://localhost:5000[39m
2021-06-12 17:10:49:1049 [35mhttp[39m: [35mGET / 404 57 - - ms[39m
[35m[39m
2021-06-12 17:45:21:4521 [32minfo[39m: [32mðŸš€ Server Started on 5000[39m
2021-06-12 17:45:21:4521 [32minfo[39m: [32mVisit -> http://localhost:5000[39m
2021-06-12 17:45:27:4527 [35mhttp[39m: [35mGET / 404 57 - - ms[39m
[35m[39m
2021-06-12 18:08:46:846 [32minfo[39m: [32mðŸš€ Server Started on 5000[39m
2021-06-12 18:08:46:846 [32minfo[39m: [32mVisit -> http://localhost:5000[39m
2021-06-12 18:09:13:913 [32minfo[39m: [32mðŸš€ Server Started on 5000[39m
2021-06-12 18:09:13:913 [32minfo[39m: [32mVisit -> http://localhost:5000[39m
2021-06-12 18:24:58:2458 [32minfo[39m: [32mðŸš€ Server Started on 5000[39m
2021-06-12 18:24:58:2458 [32minfo[39m: [32mVisit -> http://localhost:5000[39m
2021-06-12 18:25:20:2520 [32minfo[39m: [32mðŸš€ Server Started on 5000[39m
2021-06-12 18:25:20:2520 [32minfo[39m: [32mVisit -> http://localhost:5000[39m
2021-06-12 18:27:20:2720 [31merror[39m: [31mâŽ unhandledRejection : Error: [39m
[31mInvalid `prisma.session.findMany()` invocation:[39m


[31m  The table `public.Session` does not exist in the current database. [39m
[31m ErrorStack : Error: [39m
[31mInvalid `prisma.session.findMany()` invocation:[39m


[31m  The table `public.Session` does not exist in the current database.[39m
[31m    at cb (C:\Users\omkar\Documents\GitHub\ecommerce-backend\node_modules\@prisma\client\runtime\index.js:35223:17)[39m
[31m    at processTicksAndRejections (node:internal/process/task_queues:94:5)[39m
2021-06-12 18:27:40:2740 [32minfo[39m: [32mðŸš€ Server Started on 5000[39m
2021-06-12 18:27:40:2740 [32minfo[39m: [32mVisit -> http://localhost:5000[39m
2021-06-12 18:29:06:296 [32minfo[39m: [32mðŸš€ Server Started on 5000[39m
2021-06-12 18:29:06:296 [32minfo[39m: [32mVisit -> http://localhost:5000[39m
2021-06-12 18:30:35:3035 [32minfo[39m: [32mðŸš€ Server Started on 5000[39m
2021-06-12 18:30:35:3035 [32minfo[39m: [32mVisit -> http://localhost:5000[39m
2021-06-12 18:34:26:3426 [32minfo[39m: [32mðŸš€ Server Started on 5000[39m
2021-06-12 18:34:26:3426 [32minfo[39m: [32mVisit -> http://localhost:5000[39m
2021-06-12 18:34:47:3447 [32minfo[39m: [32mðŸš€ Server Started on 5000[39m
2021-06-12 18:34:47:3447 [32minfo[39m: [32mVisit -> http://localhost:5000[39m
2021-06-12 18:42:27:4227 [32minfo[39m: [32mðŸš€ Server Started on 5000[39m
2021-06-12 18:42:27:4227 [32minfo[39m: [32mVisit -> http://localhost:5000[39m
2021-06-12 18:42:30:4230 [35mhttp[39m: [35mGET / 404 57 - - ms[39m
[35m[39m
2021-06-12 18:42:52:4252 [32minfo[39m: [32mðŸš€ Server Started on 5000[39m
2021-06-12 18:42:52:4252 [32minfo[39m: [32mVisit -> http://localhost:5000[39m
2021-06-12 18:43:14:4314 [32minfo[39m: [32mðŸš€ Server Started on 5000[39m
2021-06-12 18:43:14:4314 [32minfo[39m: [32mVisit -> http://localhost:5000[39m
2021-06-12 18:43:31:4331 [32minfo[39m: [32mðŸš€ Server Started on 5000[39m
2021-06-12 18:43:31:4331 [32minfo[39m: [32mVisit -> http://localhost:5000[39m
2021-06-12 18:49:43:4943 [32minfo[39m: [32mðŸš€ Server Started on 5000[39m
2021-06-12 18:49:43:4943 [32minfo[39m: [32mVisit -> http://localhost:5000[39m
2021-06-12 18:56:09:569 [32minfo[39m: [32mðŸš€ Server Started on 5000[39m
2021-06-12 18:56:09:569 [32minfo[39m: [32mVisit -> http://localhost:5000[39m
2021-06-12 18:56:17:5617 [31merror[39m: [31mâŽ uncaughtException :  Error [ERR_HTTP_HEADERS_SENT]: Cannot set headers after they are sent to the client[39m
[31m    at new NodeError (node:internal/errors:329:5)[39m
[31m    at ServerResponse.setHeader (node:_http_outgoing:579:11)[39m
[31m    at ServerResponse.header (C:\Users\omkar\Documents\GitHub\ecommerce-backend\node_modules\express\lib\response.js:771:10)[39m
[31m    at ServerResponse.send (C:\Users\omkar\Documents\GitHub\ecommerce-backend\node_modules\express\lib\response.js:170:12)[39m
[31m    at ServerResponse.json (C:\Users\omkar\Documents\GitHub\ecommerce-backend\node_modules\express\lib\response.js:267:15)[39m
[31m    at C:\Users\omkar\Documents\GitHub\ecommerce-backend\src\app.ts:58:7[39m
[31m    at Immediate._onImmediate (C:\Users\omkar\Documents\GitHub\ecommerce-backend\node_modules\@quixo3\prisma-session-store\dist\lib\utils\defer.js:16:18)[39m
[31m    at processImmediate (node:internal/timers:464:21)[39m
2021-06-12 18:59:30:5930 [31merror[39m: [31mâŽ uncaughtException :  Error [ERR_HTTP_HEADERS_SENT]: Cannot set headers after they are sent to the client[39m
[31m    at new NodeError (node:internal/errors:329:5)[39m
[31m    at ServerResponse.setHeader (node:_http_outgoing:579:11)[39m
[31m    at ServerResponse.header (C:\Users\omkar\Documents\GitHub\ecommerce-backend\node_modules\express\lib\response.js:771:10)[39m
[31m    at ServerResponse.send (C:\Users\omkar\Documents\GitHub\ecommerce-backend\node_modules\express\lib\response.js:170:12)[39m
[31m    at ServerResponse.json (C:\Users\omkar\Documents\GitHub\ecommerce-backend\node_modules\express\lib\response.js:267:15)[39m
[31m    at C:\Users\omkar\Documents\GitHub\ecommerce-backend\src\app.ts:58:7[39m
[31m    at Immediate._onImmediate (C:\Users\omkar\Documents\GitHub\ecommerce-backend\node_modules\@quixo3\prisma-session-store\dist\lib\utils\defer.js:16:18)[39m
[31m    at processImmediate (node:internal/timers:464:21)[39m
2021-06-12 18:59:55:5955 [32minfo[39m: [32mðŸš€ Server Started on 5000[39m
2021-06-12 18:59:55:5955 [32minfo[39m: [32mVisit -> http://localhost:5000[39m
2021-06-12 19:00:06:06 [35mhttp[39m: [35mGET / 404 57 - - ms[39m
[35m[39m
2021-06-12 19:15:29:1529 [32minfo[39m: [32mðŸš€ Server Started on 5000[39m
2021-06-12 19:15:29:1529 [32minfo[39m: [32mVisit -> http://localhost:5000[39m
2021-06-12 19:17:32:1732 [32minfo[39m: [32mðŸš€ Server Started on 5000[39m
2021-06-12 19:17:32:1732 [32minfo[39m: [32mVisit -> http://localhost:5000[39m
2021-06-12 19:53:24:5324 [32minfo[39m: [32mðŸš€ Server Started on 5000[39m
2021-06-12 19:53:24:5324 [32minfo[39m: [32mVisit -> http://localhost:5000[39m
2021-06-12 20:12:56:1256 [32minfo[39m: [32mðŸš€ Server Started on 5000[39m
2021-06-12 20:12:56:1256 [32minfo[39m: [32mVisit -> http://localhost:5000[39m
2021-06-12 20:39:45:3945 [32minfo[39m: [32mðŸš€ Server Started on 5000[39m
2021-06-12 20:39:45:3945 [32minfo[39m: [32mVisit -> http://localhost:5000[39m
2021-06-12 21:02:30:230 [32minfo[39m: [32mðŸš€ Server Started on 5000[39m
2021-06-12 21:02:30:230 [32minfo[39m: [32mVisit -> http://localhost:5000[39m
2021-06-12 21:03:51:351 [32minfo[39m: [32mðŸš€ Server Started on 5000[39m
2021-06-12 21:03:51:351 [32minfo[39m: [32mVisit -> http://localhost:5000[39m
2021-06-12 21:04:19:419 [32minfo[39m: [32mðŸš€ Server Started on 5000[39m
2021-06-12 21:04:19:419 [32minfo[39m: [32mVisit -> http://localhost:5000[39m
2021-06-12 21:27:47:2747 [32minfo[39m: [32mðŸš€ Server Started on 5000[39m
2021-06-12 21:27:47:2747 [32minfo[39m: [32mVisit -> http://localhost:5000[39m
2021-06-12 21:52:40:5240 [32minfo[39m: [32mðŸš€ Server Started on 5000[39m
2021-06-12 21:52:40:5240 [32minfo[39m: [32mVisit -> http://localhost:5000[39m
2021-06-12 21:54:44:5444 [35mhttp[39m: [35mGET /api/auth/sign-up 404 57 - - ms[39m
[35m[39m
2021-06-12 21:58:06:586 [31merror[39m: [31mâŽ unhandledRejection : ValidationError: email must be a valid email [39m
[31m ErrorStack : ValidationError: email must be a valid email[39m
[31m    at createError (C:\Users\omkar\Documents\GitHub\ecommerce-backend\node_modules\yup\lib\util\createValidation.js:54:21)[39m
[31m    at C:\Users\omkar\Documents\GitHub\ecommerce-backend\node_modules\yup\lib\util\createValidation.js:72:107[39m
[31m    at processTicksAndRejections (node:internal/process/task_queues:94:5)[39m
2021-06-12 21:59:38:5938 [32minfo[39m: [32mðŸš€ Server Started on 5000[39m
2021-06-12 21:59:38:5938 [32minfo[39m: [32mVisit -> http://localhost:5000[39m
2021-06-12 22:00:04:04 [32minfo[39m: [32mðŸš€ Server Started on 5000[39m
2021-06-12 22:00:04:04 [32minfo[39m: [32mVisit -> http://localhost:5000[39m
2021-06-12 22:00:32:032 [32minfo[39m: [32mðŸš€ Server Started on 5000[39m
2021-06-12 22:00:32:032 [32minfo[39m: [32mVisit -> http://localhost:5000[39m
2021-06-12 22:02:48:248 [32minfo[39m: [32mðŸš€ Server Started on 5000[39m
2021-06-12 22:02:48:248 [32minfo[39m: [32mVisit -> http://localhost:5000[39m
2021-06-12 22:03:33:333 [32minfo[39m: [32mðŸš€ Server Started on 5000[39m
2021-06-12 22:03:33:333 [32minfo[39m: [32mVisit -> http://localhost:5000[39m
2021-06-12 22:04:15:415 [32minfo[39m: [32mðŸš€ Server Started on 5000[39m
2021-06-12 22:04:15:415 [32minfo[39m: [32mVisit -> http://localhost:5000[39m
2021-06-12 22:04:26:426 [32minfo[39m: [32mðŸš€ Server Started on 5000[39m
2021-06-12 22:04:26:426 [32minfo[39m: [32mVisit -> http://localhost:5000[39m
2021-06-12 22:13:53:1353 [32minfo[39m: [32mðŸš€ Server Started on 5000[39m
2021-06-12 22:13:53:1353 [32minfo[39m: [32mVisit -> http://localhost:5000[39m
2021-06-12 22:14:51:1451 [32minfo[39m: [32mðŸš€ Server Started on 5000[39m
2021-06-12 22:14:51:1451 [32minfo[39m: [32mVisit -> http://localhost:5000[39m
2021-06-12 22:15:07:157 [32minfo[39m: [32mðŸš€ Server Started on 5000[39m
2021-06-12 22:15:07:157 [32minfo[39m: [32mVisit -> http://localhost:5000[39m
2021-06-12 22:15:12:1512 [32minfo[39m: [32mðŸš€ Server Started on 5000[39m
2021-06-12 22:15:12:1512 [32minfo[39m: [32mVisit -> http://localhost:5000[39m
2021-06-12 22:15:24:1524 [32minfo[39m: [32mðŸš€ Server Started on 5000[39m
2021-06-12 22:15:24:1524 [32minfo[39m: [32mVisit -> http://localhost:5000[39m
2021-06-12 22:15:35:1535 [32minfo[39m: [32mðŸš€ Server Started on 5000[39m
2021-06-12 22:15:35:1535 [32minfo[39m: [32mVisit -> http://localhost:5000[39m
